commonLibs/build/intermediates/manifest_merge_blame_file/debug/manifest-merger-blame-debug-report.txt
1<?xml version="1.0" encoding="utf-8"?>
2<manifest xmlns:android="http://schemas.android.com/apk/res/android"
3    package="com.common.control" >
4
5    <uses-sdk
6        android:minSdkVersion="22"
6-->src\main\AndroidManifest.xml
7        android:targetSdkVersion="30" />
7-->src\main\AndroidManifest.xml
8
9    <uses-permission android:name="android.permission.INTERNET" />
9-->src\main\AndroidManifest.xml:5:5-67
9-->src\main\AndroidManifest.xml:5:22-64
10    <uses-permission android:name="android.permission.ACCESS_NETWORK_STATE" />
10-->src\main\AndroidManifest.xml:6:5-79
10-->src\main\AndroidManifest.xml:6:22-76
11
12    <application android:requestLegacyExternalStorage="true" >
12-->src\main\AndroidManifest.xml:8:5-17:19
12-->src\main\AndroidManifest.xml:8:18-61
13        <activity
13-->src\main\AndroidManifest.xml:9:9-12:50
14            android:name="com.common.control.dialog.PermissionStorageDialog"
14-->src\main\AndroidManifest.xml:10:13-59
15            android:launchMode="singleTask"
15-->src\main\AndroidManifest.xml:11:13-44
16            android:theme="@style/Transparent" />
16-->src\main\AndroidManifest.xml:12:13-47
17        <activity
17-->src\main\AndroidManifest.xml:13:9-16:50
18            android:name="com.common.control.dialog.PermissionNormalDialog"
18-->src\main\AndroidManifest.xml:14:13-58
19            android:launchMode="singleTask"
19-->src\main\AndroidManifest.xml:15:13-44
20            android:theme="@style/Transparent" />
20-->src\main\AndroidManifest.xml:16:13-47
21    </application>
22
23</manifest>